18:04:15.731 [pool-2-thread-2] INFO  stepDefinitions.steps - Clicked on Login 
18:04:17.460 [pool-2-thread-1] INFO  stepDefinitions.steps - Clicked on Register 
18:04:18.820 [pool-2-thread-1] INFO  stepDefinitions.steps - Register Account page displayed 
18:04:23.513 [pool-2-thread-1] INFO  stepDefinitions.steps - Provided First Name 
18:04:23.514 [pool-2-thread-2] INFO  stepDefinitions.steps - Provided Email 
18:04:23.904 [pool-2-thread-1] INFO  stepDefinitions.steps - Provided Last Name 
18:04:24.126 [pool-2-thread-1] INFO  stepDefinitions.steps - Provided Email 
18:04:24.260 [pool-2-thread-1] INFO  stepDefinitions.steps - Provided Telephone 
18:04:27.524 [pool-2-thread-2] INFO  stepDefinitions.steps - Provided password 
18:04:27.524 [pool-2-thread-1] INFO  stepDefinitions.steps - Provided Password 
18:04:27.816 [pool-2-thread-1] INFO  stepDefinitions.steps - Provided Cnfrm Password 
18:04:28.026 [pool-2-thread-1] INFO  stepDefinitions.steps - Clicked on Privacy button 
18:04:31.670 [pool-2-thread-1] INFO  stepDefinitions.steps - Clicked on Continue 
18:04:31.755 [pool-2-thread-2] INFO  stepDefinitions.steps - Clicked on Login button
18:04:39.949 [pool-2-thread-1] INFO  stepDefinitions.steps - Account Registration Success 
18:04:41.765 [pool-2-thread-2] INFO  stepDefinitions.steps - Login Success 
18:04:48.861 [AsyncHttpClient-1-5] DEBUG io.netty.buffer.PoolThreadCache - Freed 2 thread-local buffer(s) from thread: AsyncHttpClient-1-5
18:04:48.861 [AsyncHttpClient-1-6] DEBUG io.netty.buffer.PoolThreadCache - Freed 3 thread-local buffer(s) from thread: AsyncHttpClient-1-6
18:04:48.861 [AsyncHttpClient-1-7] DEBUG io.netty.buffer.PoolThreadCache - Freed 3 thread-local buffer(s) from thread: AsyncHttpClient-1-7
18:04:48.861 [AsyncHttpClient-1-4] DEBUG io.netty.buffer.PoolThreadCache - Freed 2 thread-local buffer(s) from thread: AsyncHttpClient-1-4
